\BOOKMARK [1][-]{section.1}{\376\377\137\025\212\000}{}% 1
\BOOKMARK [1][-]{section.2}{\376\377\166\370\121\163\135\345\117\134}{}% 2
\BOOKMARK [2][-]{subsection.2.1}{\376\377\000T\000D\000O\000A\000\040\116\016\000\040\000S\000R\000P\000-\000P\000H\000A\000T}{section.2}% 3
\BOOKMARK [2][-]{subsection.2.2}{\376\377\000I\000P\000D\000\040\116\016\000\040\000S\000E\000L\000D\000\040\155\361\136\246\145\271\154\325}{section.2}% 4
\BOOKMARK [2][-]{subsection.2.3}{\376\377\145\366\136\217\136\372\152\041}{section.2}% 5
\BOOKMARK [2][-]{subsection.2.4}{\376\377\130\360\156\220\215\337\216\052\116\016\147\052\147\145\230\204\155\113\166\204\172\172\166\175}{section.2}% 6
\BOOKMARK [1][-]{section.3}{\376\377\145\271\154\325}{}% 7
\BOOKMARK [2][-]{subsection.3.1}{\376\377\225\356\230\230\133\232\116\111}{section.3}% 8
\BOOKMARK [2][-]{subsection.3.2}{\376\377\172\172\225\364\121\110\232\214\122\115\172\357}{section.3}% 9
\BOOKMARK [2][-]{subsection.3.3}{\376\377\116\011\215\357\177\026\170\001\116\016\126\340\147\234\000\040\000T\000C\000N}{section.3}% 10
\BOOKMARK [2][-]{subsection.3.4}{\376\377\131\032\116\373\122\241\217\223\121\372\131\064}{section.3}% 11
\BOOKMARK [2][-]{subsection.3.5}{\376\377\150\007\173\176\116\016\213\255\176\303\166\356\150\007}{section.3}% 12
\BOOKMARK [1][-]{section.4}{\376\377\133\236\232\214\213\276\177\156}{}% 13
\BOOKMARK [2][-]{subsection.4.1}{\376\377\145\160\143\156\116\016\123\117\213\256}{section.4}% 14
\BOOKMARK [2][-]{subsection.4.2}{\376\377\152\041\127\213\116\016\213\255\176\303\221\115\177\156}{section.4}% 15
\BOOKMARK [2][-]{subsection.4.3}{\376\377\147\052\147\145\230\204\155\113\166\204\116\011\145\271\154\325\133\371\153\324}{section.4}% 16
\BOOKMARK [2][-]{subsection.4.4}{\376\377\213\304\116\367\143\007\150\007}{section.4}% 17
\BOOKMARK [1][-]{section.5}{\376\377\176\323\147\234}{}% 18
\BOOKMARK [2][-]{subsection.5.1}{\376\377\137\123\122\115\136\047\133\232\117\115}{section.5}% 19
\BOOKMARK [2][-]{subsection.5.2}{\376\377\172\172\225\364\121\110\232\214\122\115\172\357\166\204\162\171\137\201\155\210\207\215}{section.5}% 20
\BOOKMARK [2][-]{subsection.5.3}{\376\377\147\052\147\145\145\271\117\115\230\204\155\113\000:\000\040\116\011\145\271\154\325\133\371\153\324}{section.5}% 21
\BOOKMARK [2][-]{subsection.5.4}{\376\377\143\011\147\052\147\145\153\145\145\160\210\160\121\317\116\016\122\006\176\304}{section.5}% 22
\BOOKMARK [1][-]{section.6}{\376\377\213\250\213\272}{}% 23
\BOOKMARK [1][-]{section.7}{\376\377\176\323\213\272}{}% 24
